<?xml version="1.0" encoding="UTF-8"?>
<testng-results ignored="0" total="1" passed="1" failed="0" skipped="0">
  <reporter-output>
  </reporter-output>
  <suite started-at="2025-12-26T13:01:41 IST" name="Default suite" finished-at="2025-12-26T13:01:47 IST" duration-ms="6294">
    <groups>
    </groups>
    <test started-at="2025-12-26T13:01:41 IST" name="Default test" finished-at="2025-12-26T13:01:47 IST" duration-ms="6294">
      <class name="basic_Requests.GetUserTest">
        <test-method signature="getUser()[pri:0, instance:basic_Requests.GetUserTest@402c4085]" started-at="2025-12-26T13:01:41 IST" name="getUser" finished-at="2025-12-26T13:01:47 IST" duration-ms="6182" status="PASS">
          <reporter-output>
          </reporter-output>
        </test-method> <!-- getUser -->
      </class> <!-- basic_Requests.GetUserTest -->
    </test> <!-- Default test -->
  </suite> <!-- Default suite -->
</testng-results>
